<?xml version="1.0" encoding="UTF-8"?>
<!-- Generated by org.testng.reporters.JUnitReportReporter -->
<testsuite hostname="JHANSI-PC" name="d_Zone.ZoneTest" tests="1" failures="0" timestamp="2 May 2019 08:22:19 GMT" time="25.721" errors="0">
  <testcase name="browser" time="25.721" classname="d_Zone.ZoneTest"/>
</testsuite> <!-- d_Zone.ZoneTest -->
